<?xml version="1.0" encoding="UTF-8"?>
<testng-results ignored="0" total="2" passed="2" failed="0" skipped="0">
  <reporter-output>
  </reporter-output>
  <suite started-at="2023-04-30T10:22:21 IST" name="Suite" finished-at="2023-04-30T10:25:19 IST" duration-ms="178497">
    <groups>
    </groups>
    <test started-at="2023-04-30T10:22:21 IST" name="chromeTest" finished-at="2023-04-30T10:24:49 IST" duration-ms="148399">
      <class name="testCase.DemoTestCase">
        <test-method is-config="true" signature="setup(java.lang.String)[pri:0, instance:testCase.DemoTestCase@66d3eec0]" started-at="2023-04-30T10:22:21 IST" name="setup" finished-at="2023-04-30T10:22:59 IST" duration-ms="38097" status="PASS">
          <params>
            <param index="0">
              <value>
                <![CDATA[chrome]]>
              </value>
            </param>
          </params>
          <reporter-output>
          </reporter-output>
        </test-method> <!-- setup -->
        <test-method signature="registrationTestCase()[pri:1, instance:testCase.DemoTestCase@66d3eec0]" started-at="2023-04-30T10:22:59 IST" name="registrationTestCase" finished-at="2023-04-30T10:23:49 IST" duration-ms="49933" status="PASS">
          <reporter-output>
          </reporter-output>
        </test-method> <!-- registrationTestCase -->
        <test-method is-config="true" signature="teardown()[pri:0, instance:testCase.DemoTestCase@66d3eec0]" started-at="2023-04-30T10:23:49 IST" name="teardown" finished-at="2023-04-30T10:24:49 IST" duration-ms="60306" status="PASS">
          <reporter-output>
          </reporter-output>
        </test-method> <!-- teardown -->
      </class> <!-- testCase.DemoTestCase -->
    </test> <!-- chromeTest -->
    <test started-at="2023-04-30T10:22:21 IST" name="edgeTest" finished-at="2023-04-30T10:25:19 IST" duration-ms="178497">
      <class name="testCase.DemoTestCase">
        <test-method is-config="true" signature="setup(java.lang.String)[pri:0, instance:testCase.DemoTestCase@4803b726]" started-at="2023-04-30T10:22:21 IST" name="setup" finished-at="2023-04-30T10:23:26 IST" duration-ms="64756" status="PASS">
          <params>
            <param index="0">
              <value>
                <![CDATA[edge]]>
              </value>
            </param>
          </params>
          <reporter-output>
          </reporter-output>
        </test-method> <!-- setup -->
        <test-method signature="registrationTestCase()[pri:1, instance:testCase.DemoTestCase@4803b726]" started-at="2023-04-30T10:23:26 IST" name="registrationTestCase" finished-at="2023-04-30T10:24:18 IST" duration-ms="52339" status="PASS">
          <reporter-output>
          </reporter-output>
        </test-method> <!-- registrationTestCase -->
        <test-method is-config="true" signature="teardown()[pri:0, instance:testCase.DemoTestCase@4803b726]" started-at="2023-04-30T10:24:18 IST" name="teardown" finished-at="2023-04-30T10:25:19 IST" duration-ms="61360" status="PASS">
          <reporter-output>
          </reporter-output>
        </test-method> <!-- teardown -->
      </class> <!-- testCase.DemoTestCase -->
    </test> <!-- edgeTest -->
  </suite> <!-- Suite -->
</testng-results>
